<?xml version="1.0" encoding="utf-8"?><testsuites name="pytest tests"><testsuite name="pytest" errors="0" failures="1" skipped="0" tests="109" time="66.247" timestamp="2026-07-19T20:43:07.335615+00:00" hostname="agent-env-d9aabf4a-6f76-487c-a93e-004e2461ffda"><testcase classname="tests.backend_test.TestTasksItems" name="test_create_task_with_items_and_requester" time="0.912" /><testcase classname="tests.backend_test.TestTasksItems" name="test_toggle_item_sets_done_at_and_progress" time="0.122" /><testcase classname="tests.backend_test.TestTasksItems" name="test_manual_done_at_preserved" time="0.463" /><testcase classname="tests.backend_test.TestTasksItems" name="test_uncheck_clears_done_at" time="1.848" /><testcase classname="tests.test_iter7.TestTaskRBAC" name="test_member_list_only_related" time="3.505" /><testcase classname="tests.backend_test.TestTasksItems" name="test_item_documents_and_task_doc_responses" time="0.124" /><testcase classname="tests.backend_test.TestTasksItems" name="test_broadcast_with_phone_and_email" time="1.289" /><testcase classname="tests.test_iter7.TestTaskRBAC" name="test_admin_list_sees_all" time="1.227" /><testcase classname="tests.test_iter7.TestTaskRBAC" name="test_member_get_unrelated_403" time="0.039" /><testcase classname="tests.backend_test.TestTasksItems" name="test_broadcast_no_contacts" time="1.596" /><testcase classname="tests.test_iter7.TestTaskRBAC" name="test_member_get_related_ok" time="0.086" /><testcase classname="tests.test_iter7.TestTaskRBAC" name="test_member_delete_not_owned_403" time="1.252" /><testcase classname="tests.test_iter7.TestTaskRBAC" name="test_member_pic_can_update_status" time="0.082" /><testcase classname="tests.test_iter7.TestTaskRBAC" name="test_member_pic_title_stripped" time="1.048" /><testcase classname="tests.backend_test.TestTasksItems" name="test_overdue_status" time="0.160" /><testcase classname="tests.backend_test.TestTasksItems" name="test_delete_cascades_attachments" time="0.928" /><testcase classname="tests.test_iter7.TestTaskRBAC" name="test_admin_can_update_title" time="0.836" /><testcase classname="tests.backend_test.TestTasksItems" name="test_cleanup_main_task" time="0.078" /><testcase classname="tests.test_iter6.TestReminderBroadcastTiming" name="test_offset_10m" time="0.636" /><testcase classname="tests.test_iter6.TestReminderBroadcastTiming" name="test_offset_1h" time="0.431" /><testcase classname="tests.test_iter8.TestAttachmentsRegression" name="test_create_task" time="0.584" /><testcase classname="tests.test_iter6.TestReminderBroadcastTiming" name="test_offset_1d" time="0.150" /><testcase classname="tests.test_iter8.TestAttachmentsRegression" name="test_upload_attachment" time="0.572" /><testcase classname="tests.test_iter6.TestReminderBroadcastTiming" name="test_offset_custom" time="0.524" /><testcase classname="tests.test_iter8.TestAttachmentsRegression" name="test_list_attachments_contains_upload" time="0.160" /><testcase classname="tests.test_iter6.TestReminderBroadcastTiming" name="test_list_envelope_own_only" time="0.034" /><testcase classname="tests.test_iter8.TestAttachmentsRegression" name="test_download_attachment" time="0.821" /><testcase classname="tests.test_iter8.TestAttachmentsRegression" name="test_delete_attachment" time="0.915" /><testcase classname="tests.test_iter8.TestAttachmentsRegression" name="test_cleanup_task" time="0.159" /><testcase classname="tests.test_iter7.TestMeetingRBAC" name="test_member_list_only_related" time="1.970" /><testcase classname="tests.test_iter7.TestMeetingRBAC" name="test_admin_list_sees_all" time="0.040" /><testcase classname="tests.test_iter7.TestMeetingRBAC" name="test_member_get_unrelated_403" time="0.045" /><testcase classname="tests.test_iter7.TestMeetingRBAC" name="test_member_delete_403" time="0.407" /><testcase classname="tests.test_iter7.TestMeetingRBAC" name="test_member_update_403" time="0.584" /><testcase classname="tests.backend_test.TestMeetings" name="test_create_meeting_with_action_items" time="0.076" /><testcase classname="tests.test_iter7.TestNotesRBAC" name="test_member_can_view_all_notes" time="2.465" /><testcase classname="tests.backend_test.TestMeetings" name="test_convert_action_item" time="1.339" /><testcase classname="tests.test_iter7.TestNotesRBAC" name="test_member_get_single_note_ok" time="0.087" /><testcase classname="tests.backend_test.TestMeetings" name="test_convert_again_400" time="0.035" /><testcase classname="tests.backend_test.TestMeetings" name="test_cleanup_meeting" time="0.155" /><testcase classname="tests.test_iter7.TestNotesRBAC" name="test_member_update_others_note_403" time="0.042" /><testcase classname="tests.test_iter7.TestNotesRBAC" name="test_member_delete_others_note_403" time="0.093" /><testcase classname="tests.test_iter7.TestNotesRBAC" name="test_member_own_note_crud" time="0.619" /><testcase classname="tests.test_iter5.TestUsersPermissions" name="test_paginated_envelope" time="0.597" /><testcase classname="tests.test_iter5.TestUsersPermissions" name="test_all_true_returns_all" time="0.039" /><testcase classname="tests.test_iter5.TestUsersPermissions" name="test_permissions" time="0.071" /><testcase classname="tests.test_iter5.TestUsersPermissions" name="test_csv_import_upsert" time="1.839" /><testcase classname="tests.test_iter5.TestReminders" name="test_create_with_broadcast_channels" time="1.232" /><testcase classname="tests.test_iter5.TestReminders" name="test_list_envelope_and_own_only" time="0.157" /><testcase classname="tests.test_iter5.TestReminders" name="test_other_user_cannot_touch" time="6.437" /><testcase classname="tests.test_iter5.TestSettings" name="test_public_no_auth" time="0.606" /><testcase classname="tests.test_iter5.TestSettings" name="test_settings_full" time="0.099" /><testcase classname="tests.test_iter5.TestSettings" name="test_put_settings" time="0.229" /><testcase classname="tests.test_iter5.TestSettings" name="test_test_notification" time="6.236" /><testcase classname="tests.test_iter5.TestReminders" name="test_cleanup_reminder" time="1.295" /><testcase classname="tests.test_iter6.TestDatabaseBackupRestore" name="test_settings_has_backup_section" time="0.998" /><testcase classname="tests.test_iter8.TestSettingsFromName" name="test_get_settings_has_from_name" time="1.125" /><testcase classname="tests.test_iter6.TestDatabaseBackupRestore" name="test_put_settings_backup" time="0.261" /><testcase classname="tests.test_iter8.TestSettingsFromName" name="test_update_from_name_persists" time="0.388" /><testcase classname="tests.test_iter6.TestDatabaseBackupRestore" name="test_backup_download_restore_upload" time="0.736" /><testcase classname="tests.test_iter8.TestSettingsFromName" name="test_toggle_channels_saves" time="0.550"><failure message="assert True == False">E   assert True == False</failure></testcase><testcase classname="tests.test_iter6.TestDatabaseBackupRestore" name="test_restore_upload_bad_file" time="0.103" /><testcase classname="tests.test_iter8.TestSettingsFromName" name="test_email_channel_remains_disabled" time="0.194" /><testcase classname="tests.backend_test.TestTasksIter3" name="test_client_provided_id_and_person_objects" time="1.429" /><testcase classname="tests.backend_test.TestAuth" name="test_me" time="1.047" /><testcase classname="tests.backend_test.TestAuth" name="test_invalid_login" time="0.440" /><testcase classname="tests.backend_test.TestAuth" name="test_missing_token" time="0.113" /><testcase classname="tests.backend_test.TestTasksIter3" name="test_edit_preserves_item_done_state" time="0.649" /><testcase classname="tests.test_iter5.TestRoles" name="test_default_roles_seeded" time="0.525" /><testcase classname="tests.test_iter5.TestRoles" name="test_create_update_delete_custom_role" time="0.175" /><testcase classname="tests.backend_test.TestTasksIter3" name="test_roles_defaults" time="0.072" /><testcase classname="tests.test_iter5.TestRoles" name="test_cannot_delete_core_role" time="0.445" /><testcase classname="tests.test_iter5.TestDatabase" name="test_nav_badges" time="0.586" /><testcase classname="tests.test_iter5.TestDatabase" name="test_storage_test_empty" time="0.371" /><testcase classname="tests.test_iter5.TestDatabase" name="test_backup_lifecycle" time="1.036" /><testcase classname="tests.test_iter6.TestArchive" name="test_task_soft_delete_restore" time="1.693" /><testcase classname="tests.test_iter8.TestReminderWhatsApp" name="test_create_reminder_with_whatsapp" time="0.115" /><testcase classname="tests.test_iter8.TestReminderWhatsApp" name="test_create_reminder_email_channel" time="0.303" /><testcase classname="tests.test_iter6.TestArchive" name="test_note_soft_delete_restore_cycle" time="0.288" /><testcase classname="tests.test_iter8.TestReminderWhatsApp" name="test_cleanup" time="0.152" /><testcase classname="tests.test_iter6.TestArchive" name="test_archive_type_all" time="0.043" /><testcase classname="tests.test_iter5.TestProfile" name="test_get_profile" time="0.913" /><testcase classname="tests.test_iter5.TestProfile" name="test_profile_email_uniqueness_and_propagation" time="6.903" /><testcase classname="tests.test_iter4.TestTemplates" name="test_template_from_task_and_instantiate" time="3.312" /><testcase classname="tests.test_iter4.TestTemplates" name="test_template_from_scratch" time="0.113" /><testcase classname="tests.test_iter7.TestDashboardScoping" name="test_stats_differ_admin_vs_member" time="4.989" /><testcase classname="tests.test_iter6.TestPush" name="test_public_key" time="0.629" /><testcase classname="tests.test_iter6.TestPush" name="test_subscribe_unsubscribe" time="0.146" /><testcase classname="tests.test_iter7.TestDashboardScoping" name="test_calendar_scoping" time="0.716" /><testcase classname="tests.backend_test.TestReminders" name="test_reminder_flow" time="0.228" /><testcase classname="tests.backend_test.TestNotes" name="test_note_flow" time="0.223" /><testcase classname="tests.backend_test.TestActivity" name="test_activity" time="0.050" /><testcase classname="tests.backend_test.TestAttachments" name="test_upload_list_download_delete" time="3.106" /><testcase classname="tests.backend_test.TestCalendar" name="test_calendar" time="0.043" /><testcase classname="tests.backend_test.TestNotifications" name="test_list_and_mark" time="0.113" /><testcase classname="tests.backend_test.TestSearch" name="test_search" time="0.495" /><testcase classname="tests.test_iter4.TestHistoryDetail" name="test_history_detail_entries" time="3.410" /><testcase classname="tests.backend_test.TestUsersRoles" name="test_create_update_delete_user_with_department" time="2.318" /><testcase classname="tests.test_iter4.TestCompletionNotify" name="test_notification_on_completion" time="5.002" /><testcase classname="tests.backend_test.TestSettings" name="test_settings" time="0.070" /><testcase classname="tests.test_iter4.TestMention" name="test_mention_creates_notification" time="6.863" /><testcase classname="tests.test_iter4.TestDocResponseNotify" name="test_response_creates_notification" time="4.969" /><testcase classname="tests.test_iter4.TestPicAssignmentNotify" name="test_pic_wa_url_and_notification" time="3.753" /><testcase classname="tests.test_iter4.TestDuplicate" name="test_duplicate_task" time="1.953" /><testcase classname="tests.test_iter4.TestDashboardStats" name="test_workload_and_trend" time="1.678" /><testcase classname="tests.test_iter5.TestActivityLogs" name="test_paginated_envelope_and_filters" time="1.819" /><testcase classname="tests.test_iter6.TestMeetingConvert" name="test_convert_flow_and_validation" time="4.187" /><testcase classname="tests.test_iter7.TestAttachmentHardDelete" name="test_upload_hard_delete_and_purge" time="5.249" /><testcase classname="tests.test_iter8.TestTaskWithPICEmail" name="test_create_task_with_pic_email" time="1.627" /></testsuite></testsuites>