<?xml version="1.0" encoding="utf-8"?><testsuites name="pytest tests"><testsuite name="pytest" errors="0" failures="0" skipped="0" tests="21" time="23.115" timestamp="2026-07-19T16:57:24.786058+00:00" hostname="agent-env-d9aabf4a-6f76-487c-a93e-004e2461ffda"><testcase classname="tests.test_iter5.TestUsersPermissions" name="test_paginated_envelope" time="1.504" /><testcase classname="tests.test_iter5.TestReminders" name="test_create_with_broadcast_channels" time="1.441" /><testcase classname="tests.test_iter5.TestReminders" name="test_list_envelope_and_own_only" time="0.115" /><testcase classname="tests.test_iter5.TestUsersPermissions" name="test_all_true_returns_all" time="0.046" /><testcase classname="tests.test_iter5.TestUsersPermissions" name="test_permissions" time="0.051" /><testcase classname="tests.test_iter5.TestReminders" name="test_other_user_cannot_touch" time="2.395" /><testcase classname="tests.test_iter5.TestUsersPermissions" name="test_csv_import_upsert" time="2.418" /><testcase classname="tests.test_iter5.TestReminders" name="test_cleanup_reminder" time="0.043" /><testcase classname="tests.test_iter5.TestRoles" name="test_default_roles_seeded" time="0.075" /><testcase classname="tests.test_iter5.TestSettings" name="test_public_no_auth" time="0.129" /><testcase classname="tests.test_iter5.TestRoles" name="test_create_update_delete_custom_role" time="0.236" /><testcase classname="tests.test_iter5.TestSettings" name="test_settings_full" time="0.046" /><testcase classname="tests.test_iter5.TestSettings" name="test_put_settings" time="0.098" /><testcase classname="tests.test_iter5.TestSettings" name="test_test_notification" time="7.273" /><testcase classname="tests.test_iter5.TestRoles" name="test_cannot_delete_core_role" time="5.718" /><testcase classname="tests.test_iter5.TestDatabase" name="test_nav_badges" time="0.111" /><testcase classname="tests.test_iter5.TestDatabase" name="test_storage_test_empty" time="1.442" /><testcase classname="tests.test_iter5.TestProfile" name="test_get_profile" time="0.080" /><testcase classname="tests.test_iter5.TestDatabase" name="test_backup_lifecycle" time="5.759" /><testcase classname="tests.test_iter5.TestProfile" name="test_profile_email_uniqueness_and_propagation" time="9.560" /><testcase classname="tests.test_iter5.TestActivityLogs" name="test_paginated_envelope_and_filters" time="0.111" /></testsuite></testsuites>