<?xml version="1.0" encoding="utf-8"?><testsuites name="pytest tests"><testsuite name="pytest" errors="0" failures="0" skipped="0" tests="15" time="8.425" timestamp="2026-07-19T17:50:52.472126+00:00" hostname="agent-env-d9aabf4a-6f76-487c-a93e-004e2461ffda"><testcase classname="tests.test_iter6.TestDatabaseBackupRestore" name="test_settings_has_backup_section" time="1.522" /><testcase classname="tests.test_iter6.TestReminderBroadcastTiming" name="test_offset_10m" time="1.735" /><testcase classname="tests.test_iter6.TestDatabaseBackupRestore" name="test_put_settings_backup" time="0.305" /><testcase classname="tests.test_iter6.TestReminderBroadcastTiming" name="test_offset_1h" time="0.177" /><testcase classname="tests.test_iter6.TestDatabaseBackupRestore" name="test_backup_download_restore_upload" time="0.599" /><testcase classname="tests.test_iter6.TestReminderBroadcastTiming" name="test_offset_1d" time="0.218" /><testcase classname="tests.test_iter6.TestReminderBroadcastTiming" name="test_offset_custom" time="0.089" /><testcase classname="tests.test_iter6.TestReminderBroadcastTiming" name="test_list_envelope_own_only" time="0.095" /><testcase classname="tests.test_iter6.TestPush" name="test_public_key" time="0.083" /><testcase classname="tests.test_iter6.TestPush" name="test_subscribe_unsubscribe" time="0.179" /><testcase classname="tests.test_iter6.TestDatabaseBackupRestore" name="test_restore_upload_bad_file" time="0.140" /><testcase classname="tests.test_iter6.TestArchive" name="test_task_soft_delete_restore" time="3.252" /><testcase classname="tests.test_iter6.TestMeetingConvert" name="test_convert_flow_and_validation" time="3.502" /><testcase classname="tests.test_iter6.TestArchive" name="test_note_soft_delete_restore_cycle" time="0.533" /><testcase classname="tests.test_iter6.TestArchive" name="test_archive_type_all" time="0.084" /></testsuite></testsuites>