<?xml version="1.0" encoding="utf-8"?><testsuites name="pytest tests"><testsuite name="pytest" errors="0" failures="0" skipped="0" tests="95" time="142.563" timestamp="2026-07-19T18:28:05.630567+00:00" hostname="agent-env-d9aabf4a-6f76-487c-a93e-004e2461ffda"><testcase classname="tests.backend_test.TestTasksItems" name="test_create_task_with_items_and_requester" time="1.172" /><testcase classname="tests.backend_test.TestTasksItems" name="test_toggle_item_sets_done_at_and_progress" time="0.146" /><testcase classname="tests.backend_test.TestTasksItems" name="test_manual_done_at_preserved" time="0.548" /><testcase classname="tests.backend_test.TestTasksItems" name="test_uncheck_clears_done_at" time="7.187" /><testcase classname="tests.backend_test.TestTasksItems" name="test_item_documents_and_task_doc_responses" time="9.177" /><testcase classname="tests.test_iter7.TestTaskRBAC" name="test_member_list_only_related" time="18.256" /><testcase classname="tests.backend_test.TestTasksItems" name="test_broadcast_with_phone_and_email" time="4.349" /><testcase classname="tests.test_iter7.TestTaskRBAC" name="test_admin_list_sees_all" time="4.285" /><testcase classname="tests.test_iter7.TestTaskRBAC" name="test_member_get_unrelated_403" time="0.033" /><testcase classname="tests.test_iter7.TestTaskRBAC" name="test_member_get_related_ok" time="0.073" /><testcase classname="tests.backend_test.TestTasksItems" name="test_broadcast_no_contacts" time="1.319" /><testcase classname="tests.test_iter7.TestTaskRBAC" name="test_member_delete_not_owned_403" time="1.257" /><testcase classname="tests.backend_test.TestTasksItems" name="test_overdue_status" time="0.171" /><testcase classname="tests.test_iter7.TestTaskRBAC" name="test_member_pic_can_update_status" time="0.085" /><testcase classname="tests.test_iter7.TestTaskRBAC" name="test_member_pic_title_stripped" time="0.270" /><testcase classname="tests.backend_test.TestTasksItems" name="test_delete_cascades_attachments" time="1.306" /><testcase classname="tests.test_iter7.TestTaskRBAC" name="test_admin_can_update_title" time="1.250" /><testcase classname="tests.backend_test.TestTasksItems" name="test_cleanup_main_task" time="0.032" /><testcase classname="tests.test_iter6.TestReminderBroadcastTiming" name="test_offset_10m" time="1.660" /><testcase classname="tests.test_iter6.TestReminderBroadcastTiming" name="test_offset_1h" time="0.120" /><testcase classname="tests.test_iter7.TestMeetingRBAC" name="test_member_list_only_related" time="1.965" /><testcase classname="tests.test_iter6.TestReminderBroadcastTiming" name="test_offset_1d" time="0.161" /><testcase classname="tests.test_iter7.TestMeetingRBAC" name="test_admin_list_sees_all" time="0.049" /><testcase classname="tests.test_iter7.TestMeetingRBAC" name="test_member_get_unrelated_403" time="0.031" /><testcase classname="tests.test_iter7.TestMeetingRBAC" name="test_member_delete_403" time="0.069" /><testcase classname="tests.test_iter6.TestReminderBroadcastTiming" name="test_offset_custom" time="0.126" /><testcase classname="tests.test_iter7.TestMeetingRBAC" name="test_member_update_403" time="0.042" /><testcase classname="tests.test_iter6.TestReminderBroadcastTiming" name="test_list_envelope_own_only" time="0.040" /><testcase classname="tests.test_iter7.TestNotesRBAC" name="test_member_can_view_all_notes" time="0.163" /><testcase classname="tests.test_iter7.TestNotesRBAC" name="test_member_get_single_note_ok" time="0.517" /><testcase classname="tests.backend_test.TestMeetings" name="test_create_meeting_with_action_items" time="0.688" /><testcase classname="tests.test_iter7.TestNotesRBAC" name="test_member_update_others_note_403" time="0.031" /><testcase classname="tests.test_iter7.TestNotesRBAC" name="test_member_delete_others_note_403" time="0.028" /><testcase classname="tests.test_iter7.TestNotesRBAC" name="test_member_own_note_crud" time="2.419" /><testcase classname="tests.backend_test.TestMeetings" name="test_convert_action_item" time="1.323" /><testcase classname="tests.backend_test.TestMeetings" name="test_convert_again_400" time="0.040" /><testcase classname="tests.backend_test.TestMeetings" name="test_cleanup_meeting" time="0.154" /><testcase classname="tests.test_iter5.TestReminders" name="test_create_with_broadcast_channels" time="0.969" /><testcase classname="tests.test_iter5.TestReminders" name="test_list_envelope_and_own_only" time="0.618" /><testcase classname="tests.test_iter5.TestUsersPermissions" name="test_paginated_envelope" time="0.687" /><testcase classname="tests.test_iter5.TestUsersPermissions" name="test_all_true_returns_all" time="0.037" /><testcase classname="tests.test_iter5.TestReminders" name="test_other_user_cannot_touch" time="2.360" /><testcase classname="tests.test_iter5.TestUsersPermissions" name="test_permissions" time="0.511" /><testcase classname="tests.test_iter5.TestUsersPermissions" name="test_csv_import_upsert" time="1.954" /><testcase classname="tests.test_iter5.TestReminders" name="test_cleanup_reminder" time="0.037" /><testcase classname="tests.test_iter5.TestSettings" name="test_public_no_auth" time="0.184" /><testcase classname="tests.test_iter5.TestSettings" name="test_settings_full" time="0.075" /><testcase classname="tests.test_iter5.TestSettings" name="test_put_settings" time="0.595" /><testcase classname="tests.test_iter6.TestDatabaseBackupRestore" name="test_settings_has_backup_section" time="0.771" /><testcase classname="tests.test_iter5.TestSettings" name="test_test_notification" time="6.250" /><testcase classname="tests.test_iter6.TestDatabaseBackupRestore" name="test_put_settings_backup" time="6.324" /><testcase classname="tests.backend_test.TestAuth" name="test_me" time="0.043" /><testcase classname="tests.backend_test.TestAuth" name="test_invalid_login" time="0.707" /><testcase classname="tests.test_iter6.TestDatabaseBackupRestore" name="test_backup_download_restore_upload" time="4.237" /><testcase classname="tests.backend_test.TestAuth" name="test_missing_token" time="0.214" /><testcase classname="tests.backend_test.TestTasksIter3" name="test_client_provided_id_and_person_objects" time="3.504" /><testcase classname="tests.test_iter6.TestDatabaseBackupRestore" name="test_restore_upload_bad_file" time="0.329" /><testcase classname="tests.backend_test.TestTasksIter3" name="test_edit_preserves_item_done_state" time="0.807" /><testcase classname="tests.test_iter5.TestRoles" name="test_default_roles_seeded" time="0.716" /><testcase classname="tests.backend_test.TestTasksIter3" name="test_roles_defaults" time="0.072" /><testcase classname="tests.test_iter5.TestRoles" name="test_create_update_delete_custom_role" time="0.656" /><testcase classname="tests.test_iter5.TestDatabase" name="test_nav_badges" time="0.698" /><testcase classname="tests.test_iter5.TestRoles" name="test_cannot_delete_core_role" time="0.140" /><testcase classname="tests.test_iter5.TestDatabase" name="test_storage_test_empty" time="0.048" /><testcase classname="tests.test_iter5.TestDatabase" name="test_backup_lifecycle" time="2.705" /><testcase classname="tests.test_iter6.TestArchive" name="test_task_soft_delete_restore" time="3.402" /><testcase classname="tests.test_iter4.TestTemplates" name="test_template_from_task_and_instantiate" time="1.234" /><testcase classname="tests.test_iter6.TestArchive" name="test_note_soft_delete_restore_cycle" time="0.528" /><testcase classname="tests.test_iter4.TestTemplates" name="test_template_from_scratch" time="0.154" /><testcase classname="tests.test_iter6.TestArchive" name="test_archive_type_all" time="0.079" /><testcase classname="tests.test_iter6.TestPush" name="test_public_key" time="0.070" /><testcase classname="tests.test_iter6.TestPush" name="test_subscribe_unsubscribe" time="0.538" /><testcase classname="tests.test_iter5.TestProfile" name="test_get_profile" time="0.728" /><testcase classname="tests.test_iter5.TestProfile" name="test_profile_email_uniqueness_and_propagation" time="16.440" /><testcase classname="tests.test_iter7.TestDashboardScoping" name="test_stats_differ_admin_vs_member" time="14.494" /><testcase classname="tests.test_iter7.TestDashboardScoping" name="test_calendar_scoping" time="2.027" /><testcase classname="tests.backend_test.TestReminders" name="test_reminder_flow" time="0.235" /><testcase classname="tests.backend_test.TestCalendar" name="test_calendar" time="0.045" /><testcase classname="tests.backend_test.TestNotes" name="test_note_flow" time="0.237" /><testcase classname="tests.backend_test.TestNotifications" name="test_list_and_mark" time="0.107" /><testcase classname="tests.backend_test.TestAttachments" name="test_upload_list_download_delete" time="8.254" /><testcase classname="tests.backend_test.TestActivity" name="test_activity" time="0.039" /><testcase classname="tests.backend_test.TestSettings" name="test_settings" time="0.088" /><testcase classname="tests.test_iter4.TestHistoryDetail" name="test_history_detail_entries" time="14.470" /><testcase classname="tests.backend_test.TestUsersRoles" name="test_create_update_delete_user_with_department" time="11.479" /><testcase classname="tests.test_iter4.TestCompletionNotify" name="test_notification_on_completion" time="21.024" /><testcase classname="tests.backend_test.TestSearch" name="test_search" time="0.085" /><testcase classname="tests.test_iter4.TestMention" name="test_mention_creates_notification" time="23.250" /><testcase classname="tests.test_iter4.TestDocResponseNotify" name="test_response_creates_notification" time="13.252" /><testcase classname="tests.test_iter4.TestPicAssignmentNotify" name="test_pic_wa_url_and_notification" time="17.779" /><testcase classname="tests.test_iter4.TestDuplicate" name="test_duplicate_task" time="16.963" /><testcase classname="tests.test_iter4.TestDashboardStats" name="test_workload_and_trend" time="4.966" /><testcase classname="tests.test_iter5.TestActivityLogs" name="test_paginated_envelope_and_filters" time="1.296" /><testcase classname="tests.test_iter6.TestMeetingConvert" name="test_convert_flow_and_validation" time="4.138" /><testcase classname="tests.test_iter7.TestAttachmentHardDelete" name="test_upload_hard_delete_and_purge" time="5.124" /></testsuite></testsuites>