<?xml version="1.0" encoding="utf-8"?><testsuites name="pytest tests"><testsuite name="pytest" errors="0" failures="2" skipped="0" tests="74" time="108.747" timestamp="2026-07-19T17:51:10.930615+00:00" hostname="agent-env-d9aabf4a-6f76-487c-a93e-004e2461ffda"><testcase classname="tests.test_iter6.TestReminderBroadcastTiming" name="test_offset_10m" time="1.318" /><testcase classname="tests.backend_test.TestTasksItems" name="test_create_task_with_items_and_requester" time="1.365" /><testcase classname="tests.test_iter6.TestReminderBroadcastTiming" name="test_offset_1h" time="0.150" /><testcase classname="tests.backend_test.TestTasksItems" name="test_toggle_item_sets_done_at_and_progress" time="0.157" /><testcase classname="tests.test_iter6.TestReminderBroadcastTiming" name="test_offset_1d" time="0.162" /><testcase classname="tests.backend_test.TestTasksItems" name="test_manual_done_at_preserved" time="0.161" /><testcase classname="tests.test_iter6.TestReminderBroadcastTiming" name="test_offset_custom" time="0.112" /><testcase classname="tests.backend_test.TestTasksItems" name="test_uncheck_clears_done_at" time="0.120" /><testcase classname="tests.test_iter6.TestReminderBroadcastTiming" name="test_list_envelope_own_only" time="0.090" /><testcase classname="tests.backend_test.TestTasksItems" name="test_item_documents_and_task_doc_responses" time="4.308" /><testcase classname="tests.backend_test.TestTasksItems" name="test_broadcast_with_phone_and_email" time="5.462" /><testcase classname="tests.backend_test.TestMeetings" name="test_create_meeting_with_action_items" time="9.697" /><testcase classname="tests.backend_test.TestMeetings" name="test_convert_action_item" time="0.078"><failure message="AssertionError: {&quot;detail&quot;:&quot;PIC pelaksana wajib dipilih untuk membuat tugas&quot;}&#10;assert 400 == 200&#10; +  where 400 = &lt;Response [400]&gt;.status_code">backend/tests/backend_test.py:245: in test_convert_action_item
    assert r.status_code == 200, r.text
E   AssertionError: {"detail":"PIC pelaksana wajib dipilih untuk membuat tugas"}
E   assert 400 == 200
E    +  where 400 = &lt;Response [400]&gt;.status_code</failure></testcase><testcase classname="tests.backend_test.TestTasksItems" name="test_broadcast_no_contacts" time="1.468" /><testcase classname="tests.backend_test.TestMeetings" name="test_convert_again_400" time="1.229" /><testcase classname="tests.backend_test.TestMeetings" name="test_cleanup_meeting" time="0.001"><failure message="AttributeError: type object 'TestMeetings' has no attribute 'task_id'">backend/tests/backend_test.py:255: in test_cleanup_meeting
    admin_client.delete(f"{API}/tasks/{TestMeetings.task_id}")
                                       ^^^^^^^^^^^^^^^^^^^^
E   AttributeError: type object 'TestMeetings' has no attribute 'task_id'</failure></testcase><testcase classname="tests.backend_test.TestTasksItems" name="test_overdue_status" time="0.153" /><testcase classname="tests.backend_test.TestTasksItems" name="test_delete_cascades_attachments" time="1.514" /><testcase classname="tests.test_iter5.TestUsersPermissions" name="test_paginated_envelope" time="0.810" /><testcase classname="tests.test_iter5.TestUsersPermissions" name="test_all_true_returns_all" time="0.038" /><testcase classname="tests.test_iter5.TestUsersPermissions" name="test_permissions" time="0.725" /><testcase classname="tests.test_iter5.TestUsersPermissions" name="test_csv_import_upsert" time="1.960" /><testcase classname="tests.backend_test.TestTasksItems" name="test_cleanup_main_task" time="1.023" /><testcase classname="tests.test_iter5.TestReminders" name="test_create_with_broadcast_channels" time="0.747" /><testcase classname="tests.test_iter5.TestSettings" name="test_public_no_auth" time="0.683" /><testcase classname="tests.test_iter5.TestReminders" name="test_list_envelope_and_own_only" time="0.134" /><testcase classname="tests.test_iter5.TestReminders" name="test_other_user_cannot_touch" time="6.662" /><testcase classname="tests.test_iter5.TestSettings" name="test_settings_full" time="0.072" /><testcase classname="tests.test_iter5.TestSettings" name="test_put_settings" time="0.605" /><testcase classname="tests.test_iter5.TestSettings" name="test_test_notification" time="5.414" /><testcase classname="tests.test_iter5.TestReminders" name="test_cleanup_reminder" time="0.083" /><testcase classname="tests.backend_test.TestAuth" name="test_me" time="0.035" /><testcase classname="tests.backend_test.TestAuth" name="test_invalid_login" time="0.635" /><testcase classname="tests.backend_test.TestAuth" name="test_missing_token" time="0.567" /><testcase classname="tests.backend_test.TestTasksIter3" name="test_client_provided_id_and_person_objects" time="6.122" /><testcase classname="tests.test_iter6.TestDatabaseBackupRestore" name="test_settings_has_backup_section" time="7.136" /><testcase classname="tests.test_iter6.TestDatabaseBackupRestore" name="test_put_settings_backup" time="0.289" /><testcase classname="tests.backend_test.TestTasksIter3" name="test_edit_preserves_item_done_state" time="0.364" /><testcase classname="tests.test_iter6.TestDatabaseBackupRestore" name="test_backup_download_restore_upload" time="1.218" /><testcase classname="tests.backend_test.TestTasksIter3" name="test_roles_defaults" time="0.072" /><testcase classname="tests.test_iter5.TestRoles" name="test_default_roles_seeded" time="0.896" /><testcase classname="tests.test_iter5.TestRoles" name="test_create_update_delete_custom_role" time="0.252" /><testcase classname="tests.test_iter6.TestDatabaseBackupRestore" name="test_restore_upload_bad_file" time="0.155" /><testcase classname="tests.test_iter5.TestRoles" name="test_cannot_delete_core_role" time="0.586" /><testcase classname="tests.test_iter5.TestDatabase" name="test_nav_badges" time="0.747" /><testcase classname="tests.test_iter5.TestDatabase" name="test_storage_test_empty" time="0.078" /><testcase classname="tests.test_iter5.TestDatabase" name="test_backup_lifecycle" time="1.531" /><testcase classname="tests.test_iter6.TestArchive" name="test_task_soft_delete_restore" time="2.352" /><testcase classname="tests.test_iter4.TestTemplates" name="test_template_from_task_and_instantiate" time="1.199" /><testcase classname="tests.test_iter6.TestArchive" name="test_note_soft_delete_restore_cycle" time="0.562" /><testcase classname="tests.test_iter4.TestTemplates" name="test_template_from_scratch" time="0.147" /><testcase classname="tests.test_iter6.TestArchive" name="test_archive_type_all" time="0.084" /><testcase classname="tests.test_iter6.TestPush" name="test_public_key" time="0.078" /><testcase classname="tests.test_iter6.TestPush" name="test_subscribe_unsubscribe" time="0.588" /><testcase classname="tests.backend_test.TestCalendar" name="test_calendar" time="0.040" /><testcase classname="tests.test_iter5.TestProfile" name="test_get_profile" time="0.812" /><testcase classname="tests.backend_test.TestNotes" name="test_note_flow" time="0.225" /><testcase classname="tests.test_iter5.TestProfile" name="test_profile_email_uniqueness_and_propagation" time="20.066" /><testcase classname="tests.backend_test.TestNotifications" name="test_list_and_mark" time="0.511" /><testcase classname="tests.backend_test.TestActivity" name="test_activity" time="4.115" /><testcase classname="tests.backend_test.TestUsersRoles" name="test_create_update_delete_user_with_department" time="1.254" /><testcase classname="tests.backend_test.TestSettings" name="test_settings" time="0.082" /><testcase classname="tests.backend_test.TestSearch" name="test_search" time="0.039" /><testcase classname="tests.test_iter4.TestHistoryDetail" name="test_history_detail_entries" time="13.934" /><testcase classname="tests.test_iter4.TestCompletionNotify" name="test_notification_on_completion" time="17.204" /><testcase classname="tests.backend_test.TestReminders" name="test_reminder_flow" time="5.099" /><testcase classname="tests.backend_test.TestAttachments" name="test_upload_list_download_delete" time="11.911" /><testcase classname="tests.test_iter4.TestDocResponseNotify" name="test_response_creates_notification" time="17.302" /><testcase classname="tests.test_iter4.TestDuplicate" name="test_duplicate_task" time="17.374" /><testcase classname="tests.test_iter4.TestPicAssignmentNotify" name="test_pic_wa_url_and_notification" time="7.154" /><testcase classname="tests.test_iter4.TestMention" name="test_mention_creates_notification" time="7.105" /><testcase classname="tests.test_iter4.TestDashboardStats" name="test_workload_and_trend" time="5.911" /><testcase classname="tests.test_iter5.TestActivityLogs" name="test_paginated_envelope_and_filters" time="6.010" /><testcase classname="tests.test_iter6.TestMeetingConvert" name="test_convert_flow_and_validation" time="2.725" /></testsuite></testsuites>