<?xml version="1.0" encoding="utf-8"?><testsuites name="pytest tests"><testsuite name="pytest" errors="0" failures="0" skipped="0" tests="21" time="15.368" timestamp="2026-07-19T18:27:35.211262+00:00" hostname="agent-env-d9aabf4a-6f76-487c-a93e-004e2461ffda"><testcase classname="tests.test_iter7.TestMeetingRBAC" name="test_member_list_only_related" time="8.580" /><testcase classname="tests.test_iter7.TestMeetingRBAC" name="test_admin_list_sees_all" time="0.037" /><testcase classname="tests.test_iter7.TestTaskRBAC" name="test_member_list_only_related" time="8.736" /><testcase classname="tests.test_iter7.TestMeetingRBAC" name="test_member_get_unrelated_403" time="0.168" /><testcase classname="tests.test_iter7.TestTaskRBAC" name="test_admin_list_sees_all" time="0.036" /><testcase classname="tests.test_iter7.TestTaskRBAC" name="test_member_get_unrelated_403" time="0.080" /><testcase classname="tests.test_iter7.TestMeetingRBAC" name="test_member_delete_403" time="0.035" /><testcase classname="tests.test_iter7.TestMeetingRBAC" name="test_member_update_403" time="0.073" /><testcase classname="tests.test_iter7.TestTaskRBAC" name="test_member_get_related_ok" time="0.082" /><testcase classname="tests.test_iter7.TestTaskRBAC" name="test_member_delete_not_owned_403" time="0.040" /><testcase classname="tests.test_iter7.TestNotesRBAC" name="test_member_can_view_all_notes" time="0.111" /><testcase classname="tests.test_iter7.TestTaskRBAC" name="test_member_pic_can_update_status" time="0.085" /><testcase classname="tests.test_iter7.TestNotesRBAC" name="test_member_get_single_note_ok" time="0.074" /><testcase classname="tests.test_iter7.TestTaskRBAC" name="test_member_pic_title_stripped" time="0.162" /><testcase classname="tests.test_iter7.TestNotesRBAC" name="test_member_update_others_note_403" time="0.053" /><testcase classname="tests.test_iter7.TestNotesRBAC" name="test_member_delete_others_note_403" time="0.030" /><testcase classname="tests.test_iter7.TestNotesRBAC" name="test_member_own_note_crud" time="0.231" /><testcase classname="tests.test_iter7.TestTaskRBAC" name="test_admin_can_update_title" time="0.085" /><testcase classname="tests.test_iter7.TestAttachmentHardDelete" name="test_upload_hard_delete_and_purge" time="4.362" /><testcase classname="tests.test_iter7.TestDashboardScoping" name="test_stats_differ_admin_vs_member" time="0.732" /><testcase classname="tests.test_iter7.TestDashboardScoping" name="test_calendar_scoping" time="2.605" /></testsuite></testsuites>