<?xml version="1.0" encoding="utf-8"?><testsuites name="pytest tests"><testsuite name="pytest" errors="0" failures="0" skipped="0" tests="14" time="8.554" timestamp="2026-07-19T20:42:49.338492+00:00" hostname="agent-env-d9aabf4a-6f76-487c-a93e-004e2461ffda"><testcase classname="tests.test_iter8.TestAttachmentsRegression" name="test_create_task" time="1.698" /><testcase classname="tests.test_iter8.TestSettingsFromName" name="test_get_settings_has_from_name" time="1.918" /><testcase classname="tests.test_iter8.TestAttachmentsRegression" name="test_upload_attachment" time="1.152" /><testcase classname="tests.test_iter8.TestSettingsFromName" name="test_update_from_name_persists" time="1.162" /><testcase classname="tests.test_iter8.TestAttachmentsRegression" name="test_list_attachments_contains_upload" time="0.108" /><testcase classname="tests.test_iter8.TestAttachmentsRegression" name="test_download_attachment" time="0.695" /><testcase classname="tests.test_iter8.TestSettingsFromName" name="test_toggle_channels_saves" time="1.413" /><testcase classname="tests.test_iter8.TestAttachmentsRegression" name="test_delete_attachment" time="0.494" /><testcase classname="tests.test_iter8.TestAttachmentsRegression" name="test_cleanup_task" time="0.142" /><testcase classname="tests.test_iter8.TestTaskWithPICEmail" name="test_create_task_with_pic_email" time="2.378" /><testcase classname="tests.test_iter8.TestSettingsFromName" name="test_email_channel_remains_disabled" time="0.216" /><testcase classname="tests.test_iter8.TestReminderWhatsApp" name="test_create_reminder_with_whatsapp" time="1.790" /><testcase classname="tests.test_iter8.TestReminderWhatsApp" name="test_create_reminder_email_channel" time="0.285" /><testcase classname="tests.test_iter8.TestReminderWhatsApp" name="test_cleanup" time="0.110" /></testsuite></testsuites>