<?xml version="1.0" encoding="utf-8"?><testsuites name="pytest tests"><testsuite name="pytest" errors="0" failures="0" skipped="0" tests="9" time="54.255" timestamp="2026-07-19T16:17:25.929434+00:00" hostname="agent-env-d9aabf4a-6f76-487c-a93e-004e2461ffda"><testcase classname="tests.test_iter4.TestTemplates" name="test_template_from_task_and_instantiate" time="15.013" /><testcase classname="tests.test_iter4.TestHistoryDetail" name="test_history_detail_entries" time="10.460" /><testcase classname="tests.test_iter4.TestDocResponseNotify" name="test_response_creates_notification" time="24.461" /><testcase classname="tests.test_iter4.TestTemplates" name="test_template_from_scratch" time="0.092" /><testcase classname="tests.test_iter4.TestCompletionNotify" name="test_notification_on_completion" time="19.999" /><testcase classname="tests.test_iter4.TestMention" name="test_mention_creates_notification" time="8.122" /><testcase classname="tests.test_iter4.TestDuplicate" name="test_duplicate_task" time="5.854" /><testcase classname="tests.test_iter4.TestPicAssignmentNotify" name="test_pic_wa_url_and_notification" time="11.623" /><testcase classname="tests.test_iter4.TestDashboardStats" name="test_workload_and_trend" time="9.442" /></testsuite></testsuites>