<?xml version="1.0" encoding="utf-8"?><testsuites name="pytest tests"><testsuite name="pytest" errors="0" failures="0" skipped="0" tests="30" time="10.120" timestamp="2026-07-19T14:25:53.991653+00:00" hostname="agent-env-d9aabf4a-6f76-487c-a93e-004e2461ffda"><testcase classname="tests.backend_test.TestTasks" name="test_create_with_checklist_progress_and_status" time="2.329" /><testcase classname="tests.backend_test.TestMeetings" name="test_create_meeting_with_action_items" time="2.314" /><testcase classname="tests.backend_test.TestMeetings" name="test_get_meeting_has_generated_tasks_list" time="0.554" /><testcase classname="tests.backend_test.TestTasks" name="test_get_task" time="0.047" /><testcase classname="tests.backend_test.TestTasks" name="test_update_checklist_completes" time="0.136" /><testcase classname="tests.backend_test.TestTasks" name="test_overdue_status" time="0.096" /><testcase classname="tests.backend_test.TestTasks" name="test_add_comment" time="0.051" /><testcase classname="tests.backend_test.TestTasks" name="test_delete_task" time="0.103" /><testcase classname="tests.backend_test.TestUsersRoles" name="test_list_users" time="0.047" /><testcase classname="tests.backend_test.TestUsersRoles" name="test_create_update_delete_user" time="0.526" /><testcase classname="tests.backend_test.TestMeetings" name="test_convert_action_item" time="0.337" /><testcase classname="tests.backend_test.TestMeetings" name="test_meeting_shows_generated_task" time="0.041" /><testcase classname="tests.backend_test.TestMeetings" name="test_convert_again_400" time="0.043" /><testcase classname="tests.backend_test.TestMeetings" name="test_cleanup_meeting" time="0.132" /><testcase classname="tests.backend_test.TestUsersRoles" name="test_cannot_delete_self" time="0.140" /><testcase classname="tests.backend_test.TestAuth" name="test_me" time="0.089" /><testcase classname="tests.backend_test.TestUsersRoles" name="test_roles_defaults" time="0.045" /><testcase classname="tests.backend_test.TestAuth" name="test_invalid_login" time="0.911" /><testcase classname="tests.backend_test.TestSettings" name="test_get_settings" time="0.049" /><testcase classname="tests.backend_test.TestSettings" name="test_update_settings_admin" time="0.059" /><testcase classname="tests.backend_test.TestSettings" name="test_non_admin_masked_and_forbidden" time="1.666" /><testcase classname="tests.backend_test.TestAuth" name="test_missing_token" time="0.427" /><testcase classname="tests.backend_test.TestActivity" name="test_activity_logs" time="0.050" /><testcase classname="tests.backend_test.TestActivity" name="test_activity_filter" time="0.042" /><testcase classname="tests.backend_test.TestNotes" name="test_note_flow" time="0.178" /><testcase classname="tests.backend_test.TestNotifications" name="test_list_and_mark" time="0.200" /><testcase classname="tests.backend_test.TestCalendar" name="test_calendar_returns_list" time="0.048" /><testcase classname="tests.backend_test.TestAttachments" name="test_upload_list_download_delete" time="2.070" /><testcase classname="tests.backend_test.TestReminders" name="test_reminder_flow" time="1.965" /><testcase classname="tests.backend_test.TestSearch" name="test_search_returns_shape" time="0.051" /></testsuite></testsuites>