<?xml version="1.0" encoding="utf-8"?><testsuites name="pytest tests"><testsuite name="pytest" errors="0" failures="0" skipped="0" tests="27" time="7.584" timestamp="2026-07-19T14:45:02.727441+00:00" hostname="agent-env-d9aabf4a-6f76-487c-a93e-004e2461ffda"><testcase classname="tests.backend_test.TestMeetings" name="test_create_meeting_with_action_items" time="1.160" /><testcase classname="tests.backend_test.TestTasksItems" name="test_create_task_with_items_and_requester" time="1.348" /><testcase classname="tests.backend_test.TestMeetings" name="test_convert_action_item" time="0.069" /><testcase classname="tests.backend_test.TestMeetings" name="test_convert_again_400" time="0.266" /><testcase classname="tests.backend_test.TestTasksItems" name="test_toggle_item_sets_done_at_and_progress" time="0.112" /><testcase classname="tests.backend_test.TestTasksItems" name="test_manual_done_at_preserved" time="0.125" /><testcase classname="tests.backend_test.TestMeetings" name="test_cleanup_meeting" time="0.177" /><testcase classname="tests.backend_test.TestTasksItems" name="test_uncheck_clears_done_at" time="0.170" /><testcase classname="tests.backend_test.TestAuth" name="test_me" time="0.079" /><testcase classname="tests.backend_test.TestTasksItems" name="test_item_documents_and_task_doc_responses" time="0.126" /><testcase classname="tests.backend_test.TestAuth" name="test_invalid_login" time="0.517" /><testcase classname="tests.backend_test.TestTasksItems" name="test_broadcast_with_phone_and_email" time="0.506" /><testcase classname="tests.backend_test.TestAuth" name="test_missing_token" time="0.335" /><testcase classname="tests.backend_test.TestTasksItems" name="test_broadcast_no_contacts" time="0.198" /><testcase classname="tests.backend_test.TestTasksItems" name="test_overdue_status" time="0.491" /><testcase classname="tests.backend_test.TestUsersRoles" name="test_create_update_delete_user" time="0.553" /><testcase classname="tests.backend_test.TestTasksItems" name="test_delete_cascades_attachments" time="1.008" /><testcase classname="tests.backend_test.TestUsersRoles" name="test_roles_defaults" time="0.053" /><testcase classname="tests.backend_test.TestCalendar" name="test_calendar" time="0.056" /><testcase classname="tests.backend_test.TestNotes" name="test_note_flow" time="0.633" /><testcase classname="tests.backend_test.TestNotifications" name="test_list_and_mark" time="0.097" /><testcase classname="tests.backend_test.TestActivity" name="test_activity" time="0.065" /><testcase classname="tests.backend_test.TestAttachments" name="test_upload_list_download_delete" time="1.568" /><testcase classname="tests.backend_test.TestTasksItems" name="test_cleanup_main_task" time="0.052" /><testcase classname="tests.backend_test.TestReminders" name="test_reminder_flow" time="0.723" /><testcase classname="tests.backend_test.TestSettings" name="test_settings" time="0.047" /><testcase classname="tests.backend_test.TestSearch" name="test_search" time="0.065" /></testsuite></testsuites>