<?xml version="1.0" encoding="utf-8"?><testsuites name="pytest tests"><testsuite name="pytest" errors="0" failures="0" skipped="0" tests="29" time="23.482" timestamp="2026-07-19T16:18:33.662406+00:00" hostname="agent-env-d9aabf4a-6f76-487c-a93e-004e2461ffda"><testcase classname="tests.backend_test.TestMeetings" name="test_create_meeting_with_action_items" time="1.305" /><testcase classname="tests.backend_test.TestTasksItems" name="test_create_task_with_items_and_requester" time="2.882" /><testcase classname="tests.backend_test.TestMeetings" name="test_convert_action_item" time="1.566" /><testcase classname="tests.backend_test.TestMeetings" name="test_convert_again_400" time="0.085" /><testcase classname="tests.backend_test.TestTasksItems" name="test_toggle_item_sets_done_at_and_progress" time="0.128" /><testcase classname="tests.backend_test.TestMeetings" name="test_cleanup_meeting" time="0.142" /><testcase classname="tests.backend_test.TestTasksItems" name="test_manual_done_at_preserved" time="0.157" /><testcase classname="tests.backend_test.TestAuth" name="test_me" time="0.043" /><testcase classname="tests.backend_test.TestAuth" name="test_invalid_login" time="0.638" /><testcase classname="tests.backend_test.TestTasksItems" name="test_uncheck_clears_done_at" time="0.575" /><testcase classname="tests.backend_test.TestTasksItems" name="test_item_documents_and_task_doc_responses" time="3.717" /><testcase classname="tests.backend_test.TestAuth" name="test_missing_token" time="3.680" /><testcase classname="tests.backend_test.TestTasksItems" name="test_broadcast_with_phone_and_email" time="5.744" /><testcase classname="tests.backend_test.TestTasksIter3" name="test_client_provided_id_and_person_objects" time="10.673" /><testcase classname="tests.backend_test.TestTasksItems" name="test_broadcast_no_contacts" time="4.931" /><testcase classname="tests.backend_test.TestTasksItems" name="test_overdue_status" time="0.129" /><testcase classname="tests.backend_test.TestTasksIter3" name="test_edit_preserves_item_done_state" time="0.290" /><testcase classname="tests.backend_test.TestTasksItems" name="test_delete_cascades_attachments" time="1.068" /><testcase classname="tests.backend_test.TestTasksIter3" name="test_roles_defaults" time="0.047" /><testcase classname="tests.backend_test.TestCalendar" name="test_calendar" time="0.090" /><testcase classname="tests.backend_test.TestNotes" name="test_note_flow" time="0.683" /><testcase classname="tests.backend_test.TestNotifications" name="test_list_and_mark" time="0.137" /><testcase classname="tests.backend_test.TestTasksItems" name="test_cleanup_main_task" time="0.038" /><testcase classname="tests.backend_test.TestReminders" name="test_reminder_flow" time="0.228" /><testcase classname="tests.backend_test.TestActivity" name="test_activity" time="0.055" /><testcase classname="tests.backend_test.TestAttachments" name="test_upload_list_download_delete" time="2.336" /><testcase classname="tests.backend_test.TestUsersRoles" name="test_create_update_delete_user_with_department" time="1.446" /><testcase classname="tests.backend_test.TestSettings" name="test_settings" time="0.037" /><testcase classname="tests.backend_test.TestSearch" name="test_search" time="0.054" /></testsuite></testsuites>