<?xml version="1.0" encoding="utf-8"?><testsuites name="pytest tests"><testsuite name="pytest" errors="0" failures="0" skipped="0" tests="59" time="98.861" timestamp="2026-07-19T16:59:42.842911+00:00" hostname="agent-env-d9aabf4a-6f76-487c-a93e-004e2461ffda"><testcase classname="tests.backend_test.TestTasksItems" name="test_create_task_with_items_and_requester" time="1.344" /><testcase classname="tests.backend_test.TestTasksItems" name="test_toggle_item_sets_done_at_and_progress" time="0.125" /><testcase classname="tests.backend_test.TestMeetings" name="test_create_meeting_with_action_items" time="1.459" /><testcase classname="tests.backend_test.TestMeetings" name="test_convert_action_item" time="1.503" /><testcase classname="tests.backend_test.TestTasksItems" name="test_manual_done_at_preserved" time="1.573" /><testcase classname="tests.backend_test.TestMeetings" name="test_convert_again_400" time="0.079" /><testcase classname="tests.backend_test.TestMeetings" name="test_cleanup_meeting" time="0.171" /><testcase classname="tests.backend_test.TestTasksItems" name="test_uncheck_clears_done_at" time="0.085" /><testcase classname="tests.backend_test.TestTasksItems" name="test_item_documents_and_task_doc_responses" time="3.758" /><testcase classname="tests.backend_test.TestTasksItems" name="test_broadcast_with_phone_and_email" time="5.338" /><testcase classname="tests.test_iter5.TestUsersPermissions" name="test_paginated_envelope" time="8.976" /><testcase classname="tests.test_iter5.TestUsersPermissions" name="test_all_true_returns_all" time="0.086" /><testcase classname="tests.backend_test.TestTasksItems" name="test_broadcast_no_contacts" time="1.403" /><testcase classname="tests.test_iter5.TestUsersPermissions" name="test_permissions" time="1.237" /><testcase classname="tests.test_iter5.TestUsersPermissions" name="test_csv_import_upsert" time="1.361" /><testcase classname="tests.backend_test.TestTasksItems" name="test_overdue_status" time="1.123" /><testcase classname="tests.backend_test.TestTasksItems" name="test_delete_cascades_attachments" time="2.501" /><testcase classname="tests.test_iter5.TestReminders" name="test_create_with_broadcast_channels" time="0.041" /><testcase classname="tests.test_iter5.TestReminders" name="test_list_envelope_and_own_only" time="0.637" /><testcase classname="tests.test_iter5.TestReminders" name="test_other_user_cannot_touch" time="2.994" /><testcase classname="tests.backend_test.TestTasksItems" name="test_cleanup_main_task" time="0.492" /><testcase classname="tests.test_iter5.TestSettings" name="test_public_no_auth" time="0.111" /><testcase classname="tests.test_iter5.TestSettings" name="test_settings_full" time="0.767" /><testcase classname="tests.test_iter5.TestReminders" name="test_cleanup_reminder" time="0.082" /><testcase classname="tests.test_iter5.TestSettings" name="test_put_settings" time="0.178" /><testcase classname="tests.backend_test.TestAuth" name="test_me" time="0.079" /><testcase classname="tests.backend_test.TestAuth" name="test_invalid_login" time="0.620" /><testcase classname="tests.test_iter5.TestSettings" name="test_test_notification" time="6.389" /><testcase classname="tests.backend_test.TestAuth" name="test_missing_token" time="3.783" /><testcase classname="tests.backend_test.TestTasksIter3" name="test_client_provided_id_and_person_objects" time="4.434" /><testcase classname="tests.test_iter5.TestRoles" name="test_default_roles_seeded" time="6.319" /><testcase classname="tests.test_iter5.TestRoles" name="test_create_update_delete_custom_role" time="0.198" /><testcase classname="tests.backend_test.TestTasksIter3" name="test_edit_preserves_item_done_state" time="0.420" /><testcase classname="tests.test_iter5.TestRoles" name="test_cannot_delete_core_role" time="0.129" /><testcase classname="tests.test_iter5.TestDatabase" name="test_nav_badges" time="0.042" /><testcase classname="tests.test_iter5.TestDatabase" name="test_storage_test_empty" time="0.055" /><testcase classname="tests.test_iter5.TestDatabase" name="test_backup_lifecycle" time="0.318" /><testcase classname="tests.backend_test.TestTasksIter3" name="test_roles_defaults" time="0.079" /><testcase classname="tests.test_iter5.TestProfile" name="test_get_profile" time="0.049" /><testcase classname="tests.test_iter5.TestProfile" name="test_profile_email_uniqueness_and_propagation" time="9.819" /><testcase classname="tests.test_iter4.TestTemplates" name="test_template_from_task_and_instantiate" time="6.256" /><testcase classname="tests.test_iter4.TestTemplates" name="test_template_from_scratch" time="0.142" /><testcase classname="tests.backend_test.TestCalendar" name="test_calendar" time="0.052" /><testcase classname="tests.backend_test.TestNotifications" name="test_list_and_mark" time="0.127" /><testcase classname="tests.backend_test.TestActivity" name="test_activity" time="0.461" /><testcase classname="tests.backend_test.TestAttachments" name="test_upload_list_download_delete" time="3.009" /><testcase classname="tests.backend_test.TestReminders" name="test_reminder_flow" time="0.808" /><testcase classname="tests.backend_test.TestUsersRoles" name="test_create_update_delete_user_with_department" time="0.742" /><testcase classname="tests.backend_test.TestNotes" name="test_note_flow" time="0.193" /><testcase classname="tests.backend_test.TestSettings" name="test_settings" time="0.033" /><testcase classname="tests.backend_test.TestSearch" name="test_search" time="0.512" /><testcase classname="tests.test_iter4.TestHistoryDetail" name="test_history_detail_entries" time="16.160" /><testcase classname="tests.test_iter4.TestCompletionNotify" name="test_notification_on_completion" time="38.831" /><testcase classname="tests.test_iter4.TestDocResponseNotify" name="test_response_creates_notification" time="23.304" /><testcase classname="tests.test_iter4.TestDuplicate" name="test_duplicate_task" time="5.569" /><testcase classname="tests.test_iter4.TestMention" name="test_mention_creates_notification" time="11.006" /><testcase classname="tests.test_iter4.TestPicAssignmentNotify" name="test_pic_wa_url_and_notification" time="5.554" /><testcase classname="tests.test_iter4.TestDashboardStats" name="test_workload_and_trend" time="5.378" /><testcase classname="tests.test_iter5.TestActivityLogs" name="test_paginated_envelope_and_filters" time="5.423" /></testsuite></testsuites>