<?xml version="1.0" encoding="utf-8"?><testsuites name="pytest tests"><testsuite name="pytest" errors="0" failures="0" skipped="0" tests="17" time="8.706" timestamp="2026-07-19T21:13:17.997180+00:00" hostname="agent-env-d9aabf4a-6f76-487c-a93e-004e2461ffda"><testcase classname="tests.test_time_schedule" name="test_login_permissions_admin" time="0.696" /><testcase classname="tests.test_time_schedule" name="test_login_permissions_member" time="0.679" /><testcase classname="tests.test_time_schedule" name="test_me_returns_permissions" time="0.122" /><testcase classname="tests.test_time_schedule" name="test_permission_catalog_has_time_schedule" time="0.111" /><testcase classname="tests.test_time_schedule" name="test_default_role_member_includes_time_schedule" time="0.110" /><testcase classname="tests.test_time_schedule" name="test_create_and_get_schedule" time="0.214" /><testcase classname="tests.test_time_schedule" name="test_add_activity_via_put" time="0.121" /><testcase classname="tests.test_time_schedule" name="test_convert_activity_to_task" time="1.937" /><testcase classname="tests.test_time_schedule" name="test_export_xlsx" time="0.571" /><testcase classname="tests.test_time_schedule" name="test_update_holidays" time="0.099" /><testcase classname="tests.test_time_schedule" name="test_rbac_member_cannot_view_admin_schedule" time="0.128" /><testcase classname="tests.test_time_schedule" name="test_rbac_member_cannot_update_admin_schedule" time="0.097" /><testcase classname="tests.test_time_schedule" name="test_rbac_member_cannot_delete_admin_schedule" time="0.097" /><testcase classname="tests.test_time_schedule" name="test_rbac_member_list_excludes_admin_only" time="0.099" /><testcase classname="tests.test_time_schedule" name="test_rbac_member_can_create_own" time="0.352" /><testcase classname="tests.test_time_schedule" name="test_rbac_member_can_view_when_pic" time="0.872" /><testcase classname="tests.test_time_schedule" name="test_delete_schedule" time="0.593" /></testsuite></testsuites>