<?xml version="1.0" encoding="utf-8"?><testsuites name="pytest tests"><testsuite name="pytest" errors="0" failures="2" skipped="0" tests="17" time="8.317" timestamp="2026-07-19T21:06:45.186558+00:00" hostname="agent-env-d9aabf4a-6f76-487c-a93e-004e2461ffda"><testcase classname="tests.test_time_schedule" name="test_login_permissions_admin" time="0.663" /><testcase classname="tests.test_time_schedule" name="test_login_permissions_member" time="0.462"><failure message="AssertionError: assert 'time_schedule' in ['reminder', 'calendar', 'task', 'meeting', 'note']">backend/tests/test_time_schedule.py:37: in test_login_permissions_member
    assert "time_schedule" in perms
E   AssertionError: assert 'time_schedule' in ['reminder', 'calendar', 'task', 'meeting', 'note']</failure></testcase><testcase classname="tests.test_time_schedule" name="test_me_returns_permissions" time="0.111" /><testcase classname="tests.test_time_schedule" name="test_permission_catalog_has_time_schedule" time="0.124" /><testcase classname="tests.test_time_schedule" name="test_default_role_member_includes_time_schedule" time="0.090"><failure message="AssertionError: assert 'time_schedule' in ['task', 'meeting', 'reminder', 'note', 'calendar']">backend/tests/test_time_schedule.py:58: in test_default_role_member_includes_time_schedule
    assert "time_schedule" in roles["member"]["permissions"]
E   AssertionError: assert 'time_schedule' in ['task', 'meeting', 'reminder', 'note', 'calendar']</failure></testcase><testcase classname="tests.test_time_schedule" name="test_create_and_get_schedule" time="0.204" /><testcase classname="tests.test_time_schedule" name="test_add_activity_via_put" time="0.119" /><testcase classname="tests.test_time_schedule" name="test_convert_activity_to_task" time="2.635" /><testcase classname="tests.test_time_schedule" name="test_export_xlsx" time="0.131" /><testcase classname="tests.test_time_schedule" name="test_update_holidays" time="0.102" /><testcase classname="tests.test_time_schedule" name="test_rbac_member_cannot_view_admin_schedule" time="0.111" /><testcase classname="tests.test_time_schedule" name="test_rbac_member_cannot_update_admin_schedule" time="0.095" /><testcase classname="tests.test_time_schedule" name="test_rbac_member_cannot_delete_admin_schedule" time="0.106" /><testcase classname="tests.test_time_schedule" name="test_rbac_member_list_excludes_admin_only" time="0.129" /><testcase classname="tests.test_time_schedule" name="test_rbac_member_can_create_own" time="0.343" /><testcase classname="tests.test_time_schedule" name="test_rbac_member_can_view_when_pic" time="0.785" /><testcase classname="tests.test_time_schedule" name="test_delete_schedule" time="0.483" /></testsuite></testsuites>